make fdf --dry-run --always-make --keep-going --print-directory
make: Entering directory `/Users/framos-p/Cursus/FDF'
make -C lib/libft/
echo "\033[0;92mLibft compiled!\033[0;39m"
make -C lib/minilibx/minilibx_macos/
echo "\033[0;92mMinilibx compiled!\033[0;39m"
 
mkdir -p obj/
echo "🍩 \033[0;93mCompiling: srcs/draw_pixels.c \033[0;39m"
gcc -g -Wall -Werror -Wextra -MMD -c srcs/draw_pixels.c -o obj/draw_pixels.o
echo "🍩 \033[0;93mCompiling: srcs/get_next_line.c \033[0;39m"
gcc -g -Wall -Werror -Wextra -MMD -c srcs/get_next_line.c -o obj/get_next_line.o
echo "🍩 \033[0;93mCompiling: srcs/get_next_line_utils.c \033[0;39m"
gcc -g -Wall -Werror -Wextra -MMD -c srcs/get_next_line_utils.c -o obj/get_next_line_utils.o
echo "🍩 \033[0;93mCompiling: srcs/utils.c \033[0;39m"
gcc -g -Wall -Werror -Wextra -MMD -c srcs/utils.c -o obj/utils.o
echo "🍩 \033[0;93mCompiling: srcs/main.c \033[0;39m"
gcc -g -Wall -Werror -Wextra -MMD -c srcs/main.c -o obj/main.o
echo "🍩 \033[0;93mCompiling: srcs/control_keys.c \033[0;39m"
gcc -g -Wall -Werror -Wextra -MMD -c srcs/control_keys.c -o obj/control_keys.o
echo "🍩 \033[0;93mCompiling: srcs/control_utils.c \033[0;39m"
gcc -g -Wall -Werror -Wextra -MMD -c srcs/control_utils.c -o obj/control_utils.o
make -sC lib/libft/
make -sC lib/minilibx/minilibx_macos/
gcc -g -Wall -Werror -Wextra -fsanitize=address -g3 obj/draw_pixels.o obj/get_next_line.o obj/get_next_line_utils.o obj/utils.o obj/main.o obj/control_keys.o obj/control_utils.o lib/libft/libft.a -I mlx -L lib/minilibx/minilibx_macos/ -lmlx -framework OpenGL -framework AppKit -o fdf
echo "👉 \033[0;94mgcc -g -Wall -Werror -Wextra -fsanitize=address -g3 obj/draw_pixels.o obj/get_next_line.o obj/get_next_line_utils.o obj/utils.o obj/main.o obj/control_keys.o obj/control_utils.o lib/libft/libft.a -I mlx -L lib/minilibx/minilibx_macos/ -lmlx -framework OpenGL -framework AppKit -o fdf\033[0;39m"
echo "\033[0;92m✨ FDF compiled!\033[0;39m"
 
make: Leaving directory `/Users/framos-p/Cursus/FDF'
 
