make all --print-data-base --no-builtin-variables --no-builtin-rules --question
# GNU Make 3.81
# Copyright (C) 2006  Free Software Foundation, Inc.
# This is free software; see the source for copying conditions.
# There is NO warranty; not even for MERCHANTABILITY or FITNESS FOR A
# PARTICULAR PURPOSE.

# This program built for i386-apple-darwin11.3.0
 

# Make data base, printed on Fri Sep  9 12:35:55 2022

# Variables

 
# makefile (from `Makefile', line 54)
OBJF = .cache_exists
# environment
HEADER42_MAIL = framos-p@student.42barcelona.com
# automatic
?F = $(notdir $?)
# automatic
<D = $(patsubst %/,%,$(dir $<))
# makefile (from `Makefile', line 49)
OBJ = $(addprefix $(OBJ_DIR), $(addsuffix .o, $(SRC_FILES)))
# makefile (from `Makefile', line 36)
GRAY = \033[0;90m
# makefile (from `Makefile', line 48)
SRC = $(addprefix $(SRC_DIR), $(addsuffix .c, $(SRC_FILES)))
# automatic
?D = $(patsubst %/,%,$(dir $?))
# automatic
@D = $(patsubst %/,%,$(dir $@))
# automatic
@F = $(notdir $@)
# makefile
CURDIR := /Users/framos-p/Cursus/FDF
# makefile
SHELL = /bin/sh
# makefile (from `Makefile', line 21)
RM := rm -f
# environment
VSCODE_NLS_CONFIG = {"locale":"en-us","availableLanguages":{},"_languagePackSupport":true}
# environment
_ = /usr/bin/make
# makefile (from `Makefile', line 18)
CFLAGS := -g -Wall -Werror -Wextra
# makefile (from `Makefile', line 40)
BLUE = \033[0;94m
# makefile (from `obj/control_utils.d', line 1)
MAKEFILE_LIST :=  Makefile obj/draw_pixels.d obj/get_next_line.d obj/get_next_line_utils.d obj/utils.d obj/main.d obj/control_keys.d obj/control_utils.d
# makefile (from `Makefile', line 27)
MINILIBX_DIR := lib/minilibx/minilibx_macos/
# makefile (from `Makefile', line 16)
OBJ_DIR := obj/
# makefile (from `Makefile', line 51)
INCS = $(addprefix $(INCLUDE), $(addsuffix .h, $(INC_FILES)))
# environment
VSCODE_CWD = /
# environment
PATH = /usr/local/bin:/usr/bin:/bin:/usr/sbin:/sbin:/usr/local/munki
# makefile (from `Makefile', line 29)
MINILIBXCC := -I mlx -L lib/minilibx/minilibx_macos/ -lmlx
# environment
ELECTRON_RUN_AS_NODE = 1
# makefile (from `Makefile', line 24)
LIB := lib/
# default
.FEATURES := target-specific order-only second-expansion else-if archives jobserver check-symlink
# makefile (from `Makefile', line 25)
LIBFT_DIR := lib/libft/
# makefile (from `Makefile', line 28)
MINILIBX := lib/minilibx/minilibx_macos/libmlx.a
# environment
SSH_AUTH_SOCK = /private/tmp/com.apple.launchd.qYdsSSlytu/Listeners
# automatic
%F = $(notdir $%)
# makefile (from `Makefile', line 31)
OPENGL := -framework OpenGL -framework AppKit
# environment
PWD = /Users/framos-p/Cursus/FDF
# environment
ORIGINAL_XDG_CURRENT_DESKTOP = undefined
# makefile (from `Makefile', line 38)
GREEN = \033[0;92m
# environment
VSCODE_AMD_ENTRYPOINT = vs/workbench/api/node/extensionHostProcess
# environment
HOME = /Users/framos-p
# default
MAKEFILEPATH := /Applications/Xcode.app/Contents/Developer/Makefiles
# environment
VSCODE_CODE_CACHE_PATH = /Users/framos-p/Library/Application Support/Code/CachedData/b06ae3b2d2dbfe28bca3134cc6be65935cdfea6a
# environment
LOGNAME = framos-p
# environment
APPLICATION_INSIGHTS_NO_DIAGNOSTIC_CHANNEL = 1
# environment
VSCODE_HANDLES_UNCAUGHT_ERRORS = true
# automatic
^D = $(patsubst %/,%,$(dir $^))
# environment
XPC_FLAGS = 0x0
# default
MAKE = $(MAKE_COMMAND)
# default
MAKECMDGOALS := all
# makefile (from `Makefile', line 35)
DEF_COLOR = \033[0;39m
# environment
SHLVL = 1
# makefile (from `Makefile', line 43)
WHITE = \033[0;97m
# makefile (from `Makefile', line 26)
LIBFT := lib/libft/libft.a
# makefile (from `Makefile', line 17)
CC := gcc
# default
MAKE_VERSION := 3.81
# environment
USER = framos-p
# makefile
.DEFAULT_GOAL := all
# makefile (from `Makefile', line 13)
NAME := fdf
# automatic
%D = $(patsubst %/,%,$(dir $%))
# default
MAKE_COMMAND := /Applications/Xcode.app/Contents/Developer/usr/bin/make
# makefile (from `Makefile', line 23)
INC := inc/
# default
.VARIABLES := 
# environment
TMPDIR = /var/folders/zz/zyxvpxvq6csfxvn_n000cbz80032zt/T/
# automatic
*F = $(notdir $*)
# environment
VSCODE_IPC_HOOK = /Users/framos-p/Library/Application Support/Code/1.69.1-main.sock
# environment
MallocNanoZone = 0
# makefile (from `Makefile', line 37)
RED = \033[0;91m
# makefile
MAKEFLAGS = Rrqp
# environment
MFLAGS = -Rrqp
# automatic
*D = $(patsubst %/,%,$(dir $*))
# environment
MAIL = framos-p@student.42barcelona.com
# makefile (from `Makefile', line 19)
FSANITIZE := -fsanitize=address -g3
# environment
HEADER42_LOGIN = framos-p
# environment
XPC_SERVICE_NAME = com.microsoft.VSCode.1432
# automatic
+D = $(patsubst %/,%,$(dir $+))
# makefile (from `Makefile', line 39)
YELLOW = \033[0;93m
# makefile (from `Makefile', line 42)
CYAN = \033[0;96m
# automatic
+F = $(notdir $+)
# environment
__CF_USER_TEXT_ENCODING = 0x18BFA:0x0:0x0
# default
MAKEFILES := 
# makefile (from `Makefile', line 15)
SRC_DIR := srcs/
# automatic
<F = $(notdir $<)
# makefile (from `Makefile', line 20)
NOFLAGS := -g
# environment
LC_ALL = C
# makefile (from `Makefile', line 30)
HEADER := -Iinc/ -Ilib/libft/ -Ilib/minilibx/minilibx_macos/
# automatic
^F = $(notdir $^)
# makefile (from `Makefile', line 47)
SRC_FILES = draw_pixels  get_next_line get_next_line_utils utils main control_keys control_utils
# makefile (from `Makefile', line 50)
DEPS = $(addprefix $(OBJ_DIR), $(addsuffix .d, $(SRC_FILES)))
# default
SUFFIXES := 
# default
.INCLUDE_DIRS = /usr/local/include
# makefile (from `Makefile', line 41)
MAGENTA = \033[0;95m
# environment
MAKELEVEL := 0
# environment
LANG = C
# environment
VSCODE_PID = 88706
# variable set hash-table stats:
# Load=91/1024=9%, Rehash=0, Collisions=7/159=4%

# Pattern-specific Variable Values

# No pattern-specific variable values.

# Directories

# . (device 16777228, inode 1410417): 12 files, no impossibilities.
 
# srcs (device 16777228, inode 1417002): No files, no impossibilities so far.

# 12 files, no impossibilities in 2 directories.

# Implicit Rules

obj/%.o: srcs/%.c  | .cache_exists
#  commands to execute (from `Makefile', line 72):
	@echo "ðŸ© $(YELLOW)Compiling: $< $(DEF_COLOR)"
	$(CC) $(CFLAGS) -MMD -c $< -o $@
	

# 1 implicit rules, 0 (0.0%) terminal.

# Files

all: fdf
#  Phony target (prerequisite of .PHONY).
#  Command-line target.
#  Implicit rule search has not been done.
#  File does not exist.
#  File has been updated.
#  Needs to be updated (-q is set).
# variable set hash-table stats:
# Load=0/32=0%, Rehash=0, Collisions=0/3=0%
#  commands to execute (from `Makefile', line 57):
	

.PHONY: all clean fclean re norm
#  Implicit rule search has not been done.
#  Modification time never checked.
#  File has not been updated.

.cache_exists:
#  Implicit rule search has not been done.
#  Implicit/static pattern stem: `'
#  File does not exist.
#  File has been updated.
#  Needs to be updated (-q is set).
# automatic
# @ := .cache_exists
# automatic
# % := 
# automatic
# * := 
# automatic
# + := 
# automatic
# | := 
# automatic
# < := 
# automatic
# ^ := 
# automatic
# ? := 
# variable set hash-table stats:
# Load=8/32=25%, Rehash=0, Collisions=1/11=9%
#  commands to execute (from `Makefile', line 76):
	@mkdir -p $(OBJ_DIR)
	

# Not a target:
srcs/../inc/draw_utils.h:
#  Implicit rule search has not been done.
#  Modification time never checked.
#  File has not been updated.

obj/get_next_line.o: srcs/get_next_line.c srcs/../inc/get_next_line.h
#  Implicit rule search has not been done.
#  Modification time never checked.
#  File has not been updated.

# Not a target:
srcs/get_next_line.c:
#  Implicit rule search has not been done.
#  Modification time never checked.
#  File has not been updated.

# Not a target:
srcs/../inc/control_utils.h:
#  Implicit rule search has not been done.
#  Modification time never checked.
#  File has not been updated.

obj/main.o: srcs/main.c srcs/../lib/minilibx/minilibx_macos/mlx.h srcs/../inc/define.h srcs/../inc/draw_utils.h srcs/../inc/control_keys.h srcs/../inc/control_utils.h
#  Implicit rule search has not been done.
#  Modification time never checked.
#  File has not been updated.

# Not a target:
.SUFFIXES:
#  Implicit rule search has not been done.
#  Modification time never checked.
#  File has not been updated.

# Not a target:
Makefile:
#  Implicit rule search has been done.
#  Last modified 2022-08-17 17:17:38
#  File has been updated.
#  Successfully updated.
# variable set hash-table stats:
# Load=0/32=0%, Rehash=0, Collisions=0/0=0%

# Not a target:
srcs/main.c:
#  Implicit rule search has not been done.
#  Modification time never checked.
#  File has not been updated.

# Not a target:
obj/utils.d:
#  A default, MAKEFILES, or -include/sinclude makefile.
#  Implicit rule search has been done.
#  Last modified 2022-08-19 16:13:48
#  File has been updated.
#  Successfully updated.
# variable set hash-table stats:
# Load=0/32=0%, Rehash=0, Collisions=0/0=0%

# Not a target:
srcs/../inc/control_keys.h:
#  Implicit rule search has not been done.
#  Modification time never checked.
#  File has not been updated.

# Not a target:
obj/control_utils.d:
#  A default, MAKEFILES, or -include/sinclude makefile.
#  Implicit rule search has been done.
#  Last modified 2022-08-19 16:13:48
#  File has been updated.
#  Successfully updated.
# variable set hash-table stats:
# Load=0/32=0%, Rehash=0, Collisions=0/0=0%

bonus:
#  Implicit rule search has not been done.
#  Modification time never checked.
#  File has not been updated.
#  commands to execute (from `Makefile', line 69):
	@$(MAKE) all
	

fclean: clean
#  Phony target (prerequisite of .PHONY).
#  Implicit rule search has not been done.
#  File does not exist.
#  File has not been updated.
#  commands to execute (from `Makefile', line 95):
	$(RM) -f $(NAME)
	@echo "$(CYAN)Fdf executable files cleaned!$(DEF_COLOR)"
	$(RM) -f $(MINILIBX_DIR)libmlx.a
	@echo "$(CYAN)libmlx.a lib cleaned!$(DEF_COLOR)"
	$(RM) -f $(LIBFT_DIR)libft.a
	@echo "$(CYAN)libft.a lib cleaned!$(DEF_COLOR)"
	

# Not a target:
srcs/../inc/keycodes.h:
#  Implicit rule search has not been done.
#  Modification time never checked.
#  File has not been updated.

norm:
#  Phony target (prerequisite of .PHONY).
#  Implicit rule search has not been done.
#  File does not exist.
#  File has not been updated.
#  commands to execute (from `Makefile', line 108):
	@norminette $(SRC) $(INCLUDE) | grep -v Norme -B1 || true
	

# Not a target:
obj/get_next_line_utils.d:
#  A default, MAKEFILES, or -include/sinclude makefile.
#  Implicit rule search has been done.
#  Last modified 2022-08-17 17:24:59
#  File has been updated.
#  Successfully updated.
# variable set hash-table stats:
# Load=0/32=0%, Rehash=0, Collisions=0/0=0%

# Not a target:
obj/control_keys.d:
#  A default, MAKEFILES, or -include/sinclude makefile.
#  Implicit rule search has been done.
#  Last modified 2022-08-19 16:13:48
#  File has been updated.
#  Successfully updated.
# variable set hash-table stats:
# Load=0/32=0%, Rehash=0, Collisions=0/0=0%

# Not a target:
.DEFAULT:
#  Implicit rule search has not been done.
#  Modification time never checked.
#  File has not been updated.

# Not a target:
obj/draw_pixels.d:
#  A default, MAKEFILES, or -include/sinclude makefile.
#  Implicit rule search has been done.
#  Last modified 2022-08-19 16:13:48
#  File has been updated.
#  Successfully updated.
# variable set hash-table stats:
# Load=0/32=0%, Rehash=0, Collisions=0/0=0%

re: fclean
#  Phony target (prerequisite of .PHONY).
#  Implicit rule search has not been done.
#  File does not exist.
#  File has not been updated.
#  commands to execute (from `Makefile', line 104):
	@$(MAKE)	
	@echo "$(GREEN)Cleaned and rebuilt everything for Fdf!$(DEF_COLOR)"
	

lib/minilibx/minilibx_macos/libmlx.a:
#  Implicit rule search has not been done.
#  Last modified 2022-08-17 17:24:59
#  File has been updated.
#  Successfully updated.
#  commands to execute (from `Makefile', line 83):
	@make -C $(MINILIBX_DIR)
	@echo "$(GREEN)Minilibx compiled!$(DEF_COLOR)"
	

clean:
#  Phony target (prerequisite of .PHONY).
#  Implicit rule search has not been done.
#  File does not exist.
#  File has not been updated.
#  commands to execute (from `Makefile', line 87):
	@make clean -sC $(LIBFT_DIR)
	@echo "$(CYAN)Libft object and dependency files cleaned.$(DEF_COLOR)"
	@make clean -C $(MINILIBX_DIR)
	@echo "$(CYAN)Minilibx object files cleaned.$(DEF_COLOR)"
	$(RM) -rf $(OBJ_DIR)
	@echo "$(CYAN)Fdf object files cleaned!$(DEF_COLOR)"
	

obj/utils.o: srcs/utils.c srcs/../lib/minilibx/minilibx_macos/mlx.h srcs/../inc/define.h srcs/../inc/draw_utils.h
#  Implicit rule search has not been done.
#  Modification time never checked.
#  File has not been updated.

# Not a target:
srcs/../inc/define.h:
#  Implicit rule search has not been done.
#  Modification time never checked.
#  File has not been updated.

# Not a target:
srcs/utils.c:
#  Implicit rule search has not been done.
#  Modification time never checked.
#  File has not been updated.

obj/control_utils.o: srcs/control_utils.c srcs/../lib/minilibx/minilibx_macos/mlx.h srcs/../lib/LIBFT/libft.h srcs/../inc/define.h srcs/../inc/keycodes.h srcs/../inc/control_utils.h
#  Implicit rule search has not been done.
#  Modification time never checked.
#  File has not been updated.

# Not a target:
srcs/../inc/get_next_line.h:
#  Implicit rule search has not been done.
#  Modification time never checked.
#  File has not been updated.

# Not a target:
srcs/control_utils.c:
#  Implicit rule search has not been done.
#  Modification time never checked.
#  File has not been updated.

# Not a target:
srcs/../lib/LIBFT/libft.h:
#  Implicit rule search has not been done.
#  Modification time never checked.
#  File has not been updated.

# Not a target:
srcs/../lib/minilibx/minilibx_macos/mlx.h:
#  Implicit rule search has not been done.
#  Modification time never checked.
#  File has not been updated.

lib/libft/libft.a:
#  Implicit rule search has not been done.
#  Last modified 2022-08-17 17:24:57
#  File has been updated.
 
#  Successfully updated.
#  commands to execute (from `Makefile', line 79):
	@make -C $(LIBFT_DIR)
	@echo "$(GREEN)Libft compiled!$(DEF_COLOR)"
	

obj/get_next_line_utils.o: srcs/get_next_line_utils.c srcs/../inc/get_next_line.h
#  Implicit rule search has not been done.
#  Modification time never checked.
#  File has not been updated.

obj/control_keys.o: srcs/control_keys.c srcs/../lib/minilibx/minilibx_macos/mlx.h srcs/../inc/define.h srcs/../inc/keycodes.h srcs/../inc/control_utils.h
#  Implicit rule search has not been done.
#  Modification time never checked.
#  File has not been updated.

# Not a target:
srcs/get_next_line_utils.c:
#  Implicit rule search has not been done.
#  Modification time never checked.
#  File has not been updated.

# Not a target:
srcs/control_keys.c:
#  Implicit rule search has not been done.
#  Modification time never checked.
#  File has not been updated.

# Not a target:
obj/get_next_line.d:
#  A default, MAKEFILES, or -include/sinclude makefile.
#  Implicit rule search has been done.
#  Last modified 2022-08-17 17:24:59
#  File has been updated.
#  Successfully updated.
# variable set hash-table stats:
# Load=0/32=0%, Rehash=0, Collisions=0/0=0%

fdf: lib/libft/libft.a lib/minilibx/minilibx_macos/libmlx.a obj/draw_pixels.o obj/get_next_line.o obj/get_next_line_utils.o obj/utils.o obj/main.o obj/control_keys.o obj/control_utils.o
#  Implicit rule search has not been done.
#  Last modified 2022-08-19 16:13:49
#  File has been updated.
#  Needs to be updated (-q is set).
# variable set hash-table stats:
# Load=0/32=0%, Rehash=0, Collisions=0/3=0%
#  commands to execute (from `Makefile', line 60):
	make -sC $(LIBFT_DIR)
	make -sC $(MINILIBX_DIR)
	@$(CC) $(CFLAGS) $(FSANITIZE) $(OBJ) $(LIBFT) $(MINILIBXCC) $(OPENGL) -o $(NAME)
	@echo "ðŸ‘‰ $(BLUE)$(CC) $(CFLAGS) $(FSANITIZE) $(OBJ) $(LIBFT) $(MINILIBXCC) $(OPENGL) -o $(NAME)$(DEF_COLOR)"
	@echo "$(GREEN)âœ¨ FDF compiled!$(DEF_COLOR)"
	

obj/draw_pixels.o: srcs/draw_pixels.c srcs/draw_pixels.c srcs/../lib/minilibx/minilibx_macos/mlx.h srcs/../inc/define.h srcs/../inc/draw_utils.h | .cache_exists
#  Implicit rule search has been done.
#  Implicit/static pattern stem: `draw_pixels'
#  Last modified 2022-08-19 16:13:48
#  File has been updated.
#  Needs to be updated (-q is set).
# variable set hash-table stats:
# Load=0/32=0%, Rehash=0, Collisions=0/3=0%
#  commands to execute (from `Makefile', line 72):
	@echo "ðŸ© $(YELLOW)Compiling: $< $(DEF_COLOR)"
	$(CC) $(CFLAGS) -MMD -c $< -o $@
	

# Not a target:
obj/main.d:
#  A default, MAKEFILES, or -include/sinclude makefile.
#  Implicit rule search has been done.
#  Last modified 2022-08-19 16:13:48
#  File has been updated.
#  Successfully updated.
# variable set hash-table stats:
# Load=0/32=0%, Rehash=0, Collisions=0/0=0%

# Not a target:
srcs/draw_pixels.c:
#  Implicit rule search has been done.
#  Last modified 2022-08-18 15:04:48
#  File has been updated.
#  Successfully updated.
# variable set hash-table stats:
# Load=0/32=0%, Rehash=0, Collisions=0/0=0%

# files hash-table stats:
# Load=43/1024=4%, Rehash=0, Collisions=0/114=0%
# VPATH Search Paths

# No `vpath' search paths.

# No general (`VPATH' variable) search path.

# # of strings in strcache: 8
# # of strcache buffers: 1
# strcache size: total = 4096 / max = 4096 / min = 4096 / avg = 4096
# strcache free: total = 3961 / max = 3961 / min = 3961 / avg = 3961

# Finished Make data base on Fri Sep  9 12:35:55 2022

 
